Arguments: 
  /usr/local/Cellar/node/14.4.0/bin/node /usr/local/bin/yarn install

PATH: 
  /usr/local/gradle/gradle-6.4.1/bin:/Library/Frameworks/Python.framework/Versions/3.7/bin:/Users/pkkwilliam/anaconda3/bin:/usr/local/bin:/usr/bin:/bin:/usr/sbin:/sbin:/Applications/VMware Fusion.app/Contents/Public:/usr/local/share/dotnet:~/.dotnet/tools:/Library/Frameworks/Mono.framework/Versions/Current/Commands:/usr/local/gradle/gradle-6.4.1/bin:/Library/Frameworks/Python.framework/Versions/3.7/bin:/Users/pkkwilliam/anaconda3/bin:/usr/local/gradle/gradle-6.4.1/bin

Yarn version: 
  1.15.2

Node version: 
  14.4.0

Platform: 
  darwin x64

Trace: 
  SyntaxError: /Users/pkkwilliam/Documents/Playground/javascript/dymoUtil/package.json: Unexpected token } in JSON at position 796
      at JSON.parse (<anonymous>)
      at /usr/local/lib/node_modules/yarn/lib/cli.js:1625:59
      at Generator.next (<anonymous>)
      at step (/usr/local/lib/node_modules/yarn/lib/cli.js:304:30)
      at /usr/local/lib/node_modules/yarn/lib/cli.js:315:13

npm manifest: 
  {
    "name": "dymoutil",
    "version": "1.0.0",
    "main": "dist/index.js",
    "module": "dist/index.js",
    "files": [
      "dist",
      "README.md"
    ],
    "repository": {
      "type": "git",
      "url": "https://github.com/pkkwilliam/Dymo-Util.git"
    },
    "scripts": {
      "start": "react-scripts start",
      "build": "rm -rf dist && NODE_ENV=production babel src --out-dir dist --copy-files --ignore __tests__,spec.js,test.js,__snapshots__"
    },
    "author": "",
    "license": "ISC",
    "description": "",
    "dependencies": {},
    "type": "module",
    "devDependencies": {
      "babel-cli": "^6.26.0",
      "babel-preset-es2015": "^6.24.1",
      "babel-preset-react": "^6.24.1",
      "babel-preset-stage-2": "^6.24.1"
    },
    "babel": {
      "presets": [
        "es2015",
        "react",
        "stage-2"
      ]
    },
  }

yarn manifest: 
  No manifest

Lockfile: 
  # THIS IS AN AUTOGENERATED FILE. DO NOT EDIT THIS FILE DIRECTLY.
  # yarn lockfile v1
